<?xml version="1.0" encoding="UTF-8"?>
<!-- Generated by org.testng.reporters.JUnitReportReporter -->
<testsuite hostname="USER" failures="0" tests="6" name="com.trello.Project.endtoend.TrelloBoard" time="255.530" errors="0" timestamp="2023-06-22T10:59:43 IST" skipped="0">
  <testcase classname="com.trello.Project.endtoend.TrelloBoard" name="TrelloHomePageCheck" time="9.187"/>
  <system-out>
    <![CDATA[Title = Manage Your Team’s Projects From Anywhere | Trello]]>
  </system-out>
  <testcase classname="com.trello.Project.endtoend.TrelloBoard" name="TrelloHomePagelogin" time="12.260"/>
  <system-out>
    <![CDATA[Title = Manage Your Team’s Projects From Anywhere | Trello
Title = Log in to Trello
URL https://trello.com/login]]>
  </system-out>
  <testcase classname="com.trello.Project.endtoend.TrelloBoard" name="TrelloCreateAndDeleteBoard" time="72.603"/>
  <system-out>
    <![CDATA[Title = Manage Your Team’s Projects From Anywhere | Trello
Title = Log in to Trello
URL = https://trello.com/login
Title = Log in to continue - Log in with Atlassian account
URL = https://id.atlassian.com/login?application=trello&continue=https%3A%2F%2Ftrello.com%2Fauth%2Fatlassian%2Fcallback%3FreturnUrl%3D%252F%26display%3DeyJ2ZXJpZmljYXRpb25TdHJhdGVneSI6InNvZnQifQ%253D%253D%26aaOnboarding%3D%26updateEmail%3D%26traceId%3D6493db8982b67d35ec0fcef342e89cf7%26ssoVerified%3D&display=eyJ2ZXJpZmljYXRpb25TdHJhdGVneSI6InNvZnQifQ%3D%3D&email=lohith.n1997%40gmail.com&errorCode&login_hint=lohith.n1997%40gmail.com&restrict=true
Title = Boards | Trello
URL = https://trello.com/u/lohithn1997/boards
LOGOUT IS ENABLE
Create Board Button is Vissibale
Title = lohith.N | Trello
URL = https://trello.com/b/P7XOIWUf/lohithn
Title = Log out of your Atlassian account - Log in with Atlassian account
URL = https://id.atlassian.com/logout?continue=https%3A%2F%2Ftrello.com%2Flogout%3Fdsc%3D56b4ae7366ee6efd326ec47b0d88095b566a3e7065be0ec97bf26e35d9e86759
Title = Manage Your Team’s Projects From Anywhere | Trello
URL = https://trello.com/home]]>
  </system-out>
  <testcase classname="com.trello.Project.endtoend.TrelloBoard" name="TrelloCreateListAndSwapInCreatedBoard" time="59.173"/>
  <system-out>
    <![CDATA[Title = Manage Your Team’s Projects From Anywhere | Trello
Title = Log in to Trello
URL = https://trello.com/login
Title = Log in to continue - Log in with Atlassian account
URL = https://id.atlassian.com/login?application=trello&continue=https%3A%2F%2Ftrello.com%2Fauth%2Fatlassian%2Fcallback%3FreturnUrl%3D%252F%26display%3DeyJ2ZXJpZmljYXRpb25TdHJhdGVneSI6InNvZnQifQ%253D%253D%26aaOnboarding%3D%26updateEmail%3D%26traceId%3D6493dbd0c5cea2c6fe4bb21d3fd931b2%26ssoVerified%3D&display=eyJ2ZXJpZmljYXRpb25TdHJhdGVneSI6InNvZnQifQ%3D%3D&email=lohith.n1997%40gmail.com&errorCode&login_hint=lohith.n1997%40gmail.com&restrict=true
Title = Boards | Trello
URL = https://trello.com/u/lohithn1997/boards
LOGOUT IS ENABLE
Create Board Button is Vissibale
Title = Boards | Trello
URL = https://trello.com/u/lohithn1997/boards
Title = lohith.N | Trello
Title = Log out of your Atlassian account - Log in with Atlassian account
URL = https://id.atlassian.com/logout?continue=https%3A%2F%2Ftrello.com%2Flogout%3Fdsc%3De82903ac93be6c123ecdcf474640962f52bccbd8d2e7ba90ca87038c555401e1
Title = Manage Your Team’s Projects From Anywhere | Trello
URL = https://trello.com/home]]>
  </system-out>
  <testcase classname="com.trello.Project.endtoend.TrelloBoard" name="TrelloCreateMultipleListAndSwapInCreatedBoard" time="50.097"/>
  <system-out>
    <![CDATA[Title = Log in to Trello
URL = https://trello.com/login
Title = Log in to continue - Log in with Atlassian account
URL = https://id.atlassian.com/login?application=trello&continue=https%3A%2F%2Ftrello.com%2Fauth%2Fatlassian%2Fcallback%3FreturnUrl%3D%252F%26display%3DeyJ2ZXJpZmljYXRpb25TdHJhdGVneSI6InNvZnQifQ%253D%253D%26aaOnboarding%3D%26updateEmail%3D%26traceId%3D6493dc06cccfcb8478935e0fdb4b358c%26ssoVerified%3D&display=eyJ2ZXJpZmljYXRpb25TdHJhdGVneSI6InNvZnQifQ%3D%3D&email=lohith.n1997%40gmail.com&errorCode&login_hint=lohith.n1997%40gmail.com&restrict=true
Title = Boards | Trello
URL = https://trello.com/u/lohithn1997/boards
LOGOUT IS ENABLE
Create Board Button is Vissibale
Title = Boards | Trello
URL = https://trello.com/u/lohithn1997/boards
Title = lohith.N | Trello
Title = Log out of your Atlassian account - Log in with Atlassian account
URL = https://id.atlassian.com/logout?continue=https%3A%2F%2Ftrello.com%2Flogout%3Fdsc%3D71ca9366a6b4721bccb8caf23b22c8f272dec38921ecffc0e22bf71cd0616794
Title = Manage Your Team’s Projects From Anywhere | Trello
URL = https://trello.com/home]]>
  </system-out>
  <testcase classname="com.trello.Project.endtoend.TrelloBoard" name="LoginInToTrello" time="52.210"/>
  <system-out>
    <![CDATA[Title = Manage Your Team’s Projects From Anywhere | Trello
Title = Log in to Trello
URL = https://trello.com/login
Title = Log in to continue - Log in with Atlassian account
URL https://id.atlassian.com/login?application=trello&continue=https%3A%2F%2Ftrello.com%2Fauth%2Fatlassian%2Fcallback%3FreturnUrl%3D%252F%26display%3DeyJ2ZXJpZmljYXRpb25TdHJhdGVneSI6InNvZnQifQ%253D%253D%26aaOnboarding%3D%26updateEmail%3D%26traceId%3D6493db5ac3fba54d64f87c98ee3167e4%26ssoVerified%3D&display=eyJ2ZXJpZmljYXRpb25TdHJhdGVneSI6InNvZnQifQ%3D%3D&email=lohith.n1997%40gmail.com&errorCode&login_hint=lohith.n1997%40gmail.com&restrict=true
Title = Boards | Trello
URL https://trello.com/u/lohithn1997/boards
LOGOUT IS ENABLE
Title = Log out of your Atlassian account - Log in with Atlassian account
URL https://id.atlassian.com/logout?continue=https%3A%2F%2Ftrello.com%2Flogout%3Fdsc%3D4f9044e68fcf499bea262550f62b2795b8343e25b2dfe12d708dbae1653cba8e
Title = Manage Your Team’s Projects From Anywhere | Trello
URL = https://trello.com/home]]>
  </system-out>
</testsuite> <!-- com.trello.Project.endtoend.TrelloBoard -->
